<?xml version="1.0" encoding="UTF-8"?>
<!-- Generated by org.testng.reporters.JUnitReportReporter -->
<testsuite skipped="0" hostname="DESKTOP-LQD5SK1" name="rahulshettyacdemy.Mavenjava.Seleniumjava" tests="2" failures="0" timestamp="2022-05-18T18:46:43 IST" time="0.002" errors="0">
  <testcase name="BrowserAutomation" time="0.001" classname="rahulshettyacdemy.Mavenjava.Seleniumjava"/>
  <system-out/>
  <testcase name="elementsui" time="0.001" classname="rahulshettyacdemy.Mavenjava.Seleniumjava"/>
  <system-out/>
</testsuite> <!-- rahulshettyacdemy.Mavenjava.Seleniumjava -->
