<?xml version="1.0" encoding="UTF-8"?>
<!-- Generated by org.testng.reporters.JUnitReportReporter -->
<testsuite skipped="0" hostname="DESKTOP-LQD5SK1" name="rahulshettyacdemy.Mavenjava.RestApi" tests="2" failures="0" timestamp="2022-05-18T18:46:43 IST" time="0.008" errors="0">
  <testcase name="deleleTwitter" time="0.001" classname="rahulshettyacdemy.Mavenjava.RestApi"/>
  <system-out/>
  <testcase name="Postjira" time="0.007" classname="rahulshettyacdemy.Mavenjava.RestApi"/>
  <system-out/>
</testsuite> <!-- rahulshettyacdemy.Mavenjava.RestApi -->
