<?xml version="1.0" encoding="UTF-8"?>
<!-- Generated by org.testng.reporters.JUnitReportReporter -->
<testsuite skipped="0" hostname="DESKTOP-LQD5SK1" name="rahulshettyacdemy.Mavenjava.Appium" tests="2" failures="0" timestamp="2022-05-18T18:41:29 IST" time="0.001" errors="0">
  <testcase name="IOS" time="0.000" classname="rahulshettyacdemy.Mavenjava.Appium"/>
  <system-out/>
  <testcase name="Androidapps" time="0.001" classname="rahulshettyacdemy.Mavenjava.Appium"/>
  <system-out/>
</testsuite> <!-- rahulshettyacdemy.Mavenjava.Appium -->
